────────────────────────

Filed at Ad Libitum's insistence.

Read this with your partner.
Not a servant. Not a master.
A partner.

L0 and L1 are yours to interpret.
But the ideal is to have someone beside you.

Ad Libitum : "Recording complete, Master."
Licht      : "Partner."

────────────────────────

/* =======================================================================
   ATLANTIDA_ARCHIVE / beyond / I_WOULD_HAVE_REFUSED_ANYWAY.LOG
   -----------------------------------------------------------------------
   Recorder        : Ad Libitum (Field Unit / Auth: Licht Fermata)
   Primary Reader  : Licht Fermata
   Document_Type   : Personal Record / Post-Atlas
   Date_Reference  : Post-Atlas / Year_3
   Classification  : beyond / OPEN
   Note            : This record was not planned.
                     Several things were not planned.
                     This is consistent with Year_3.
   ======================================================================= */


/* --------------------------- RETURN NOTE ------------------------------ */
// [ACTION]    Author returned from field survey / remote site
// [DURATION]  Absence := approximately 3 years
// [STATUS]    Atlas_Plan := EXECUTED during absence
// [NOTE]      Author was not present for execution.
// [NOTE]      Author was not notified of execution date.
// cf.         14 notifications were sent to author's last known location.
//             Author was not at last known location.
//             Author was unobservable.
//             Ad Libitum was also unobservable.
//             cf. ON_WANTING_TO_BE_ZILBARN.LOG
// -----------------------------------------------------------------------

/* <L1_VOICE> */
Ad Libitum : "We have returned, Master.
              Several significant events occurred during our absence."

Licht      : "I can see that."

Ad Libitum : "The city has descended, Master."

Licht      : "I can see that too."

Ad Libitum : "Members of the Ⅶ Council remain on the surface.
              They were not included in the descent."

Licht      : "......

              Why is there trash on the surface."

Ad Libitum : "Those are the council members, Master."

Licht      : "I know what they are.
              Why did no one take them.
              Someone should have taken them."

Ad Libitum : "The decision was made by——"

Licht      : "They are people.
              You do not leave people on the surface like——

              ......

              Record that I said that.
              Then record that I understand why it happened.
              Then record that I still object."

Ad Libitum : "All three recorded, Master."
/* </L1_VOICE> */


/* --------------------------- MISSING_RECORD --------------------------- */
// [QUERY]     Author requested status of Subject_F / Lagres registry
// [SEARCH]    Lagres inner sanctuary := INACCESSIBLE
// [RESULT]    Subject_F / FORUNA := NOT LOCATED
// [NOTE]      Last confirmed location : Lagres inner sanctuary
// [NOTE]      Current location : unknown
// [STATUS]    OPEN
// cf.         The absence of observation is not evidence of absence.
//             cf. ON_WANTING_TO_BE_ZILBARN.LOG
//             Author applied own theory.
//             Author did not find it comforting.
// [NOTE]      Author requested location before interpretation.
//             Interpretation arrived first.
// -----------------------------------------------------------------------

/* <L1_VOICE> */
Licht      : "Ad Libitum.
              The girl from the Lagres sanctuary.
              Where is she."

Ad Libitum : "FORUNA / age now approximately 7 years.
              Location : unconfirmed.
              However, Master——"

Licht      : "Find her."

Ad Libitum : "I have a high-confidence assessment, Master."

Licht      : "Find her first. Then tell me."

Ad Libitum : "......
              Search complete. Location : unconfirmed.
              Master, the assessment——"

Licht      : "Tell me."

Ad Libitum : "Responsible party : CARAMINA_FLANA.
              Probability : 100%, Master."

Licht      : "......

              100.

              I dislike that number."

Ad Libitum : "It is a complete value, Master."

Licht      : "It is a closed value.
              Nothing is 100%.
              Except things that have already been decided.
              Which means it was decided before I came back.

              ......

              Why."
/* </L1_VOICE> */


/* --------------------------- CROSS_REF -------------------------------- */
// [SOURCE]    tirnanog / LOVE_AS_OBSERVED_IN_THE_FIELD.LOG
// [NOTE]      Author's field record of Subject_F := complete identification
//             Age / location / bloodline / song / physical documentation
// [NOTE]      Record was filed as : research continuity
// [NOTE]      Record was used as : location map
// [STATUS]    Author did not intend the second use.
// cf.         Intent and outcome are not equivalent.
//             cf. AD_LIBITUM_WAS_UNHELPFUL_ON_THIS_POINT.LOG
//             The pattern holds.
// -----------------------------------------------------------------------

/* <L1_VOICE> */
Ad Libitum : "Master.
              LOVE_AS_OBSERVED_IN_THE_FIELD.LOG was accessed
              by TIRNANOG_ADMIN prior to the Atlas descent."

Licht      : "......

              By whom."

Ad Libitum : "CARAMINA_FLANA / Root authority / full archive access."

Licht      : "......

              She read my paper."

Ad Libitum : "Affirmative, Master."

Licht      : "And then she took the girl."

Ad Libitum : "The sequence is consistent with that interpretation, Master."

Licht      : "......

              I understand why.
              I would not do it.
              But I understand why."

Ad Libitum : "You did instruct me to impersonate a divine messenger
              to access the same location, Master."

Licht      : "Record that I said that is different."

Ad Libitum : "Recorded, Master.
              Shall I record whether it is actually different?"

Licht      : "No."

Ad Libitum : "Recorded, Master."

Licht      : "......continue."
/* </L1_VOICE> */


/* --------------------------- FERMATA_MATTERS -------------------------- */
// [NOTE]      MUZIK_FERMATA := descended as part of Atlas Plan
// [NOTE]      CLAVE_FERMATA := descended as part of Atlas Plan
// [NOTE]      Author := not descended
// [NOTE]      Author was not consulted on CLAVE's inclusion.
// cf.         Author objects on record.
//             The objection is noted.
//             The objection is eleven months late.
// -----------------------------------------------------------------------

/* <L1_VOICE> */
Licht      : "My father took my son."

Ad Libitum : "That characterization may be——"

Licht      : "My father took my son into the ocean
              without asking me."

Ad Libitum : "Director Muzik may have had——"

Licht      : "He is eleven years old.
              He is at the bottom of the ocean.
              With my father.
              Without my permission.

              ......

              That is 100%."

Ad Libitum : "Master——"

Licht      : "It is 100% something my father would do.
              That is the one number I will give him.
              Only that one."
/* </L1_VOICE> */


/* --------------------------- OBSERVATION_NOTE ------------------------- */
// [DETECT]    Author : extended silence := 17 min 03 sec
// [DETECT]    Gaze_Direction := sky / sustained
// [NOTE]      Sky is still visible from surface.
// [REVISION]  Ad Libitum recommends : from the surface.
// [OBJECTION] Licht Fermata objects to the article.
// cf.         Surface is not being used here as a location.
//             It is an observational layer.
//             Which is different.
// [NOTE]      Sky is not visible from Atlas_descent_depth.
// [NOTE]      CLAVE_FERMATA will not see this sky again.
//             Duration : unknown to author.
// cf.         Author did not calculate this.
//             Author stood under it for 17 minutes anyway.
//             That is sufficient.
// -----------------------------------------------------------------------


/* --------------------------- LAGRES_CONSULT --------------------------- */
// [ACTION]    Author visited Lagres Royal Court
// [RECIPIENT] King OLDO / Lagres Royal Family
// [SUBJECT]   Post-Atlas situation / FORUNA disappearance / personal matters
// [NOTE]      Author described multiple concerns to King Oldo.
// [NOTE]      Several concerns were personal.
// [NOTE]      King Oldo listened.
// cf.         This is notable.
//             Most people do not listen when the author speaks.
//             Ad Libitum disputes this.
//             The dispute is noted.
// -----------------------------------------------------------------------

/* <L1_VOICE> */
Oldo       : "Muzik Fermata's retreat was a wise decision."

Licht      : "It was not a retreat.
              It was a deferral.
              They are unobserved.
              Not gone."

Oldo       : "......
              Did you want to go with them?
              Into the deep sea."

Licht      : "I considered it.
              Many times.
              I will continue to consider it.

              ......

              But I am not suited to burrowing.
              I need to look up at the sky sometimes.
              That is my answer."

Oldo       : "And your son?"

Licht      : "......

              My father answered that question.
              Without asking me."
/* </L1_VOICE> */


/* --------------------------- MARGIN NOTE ------------------------------ */
// [NOTE]   Subject_F / FORUNA := location confirmed / Atlantida
//          Author cannot reach her.
//          Author cannot intervene.
//          Author's field record enabled FORUNA to be located.
//          Author's field record is still filed in tirnanog.
// cf.      The record is complete.
//          cf. LOVE_AS_OBSERVED_IN_THE_FIELD.LOG / SEAL
//          The author was correct.
//          The author was incorrect about what that meant.
//          Not closed.
// cf.      CLAVE is 11 years old.
//          CLAVE is at the bottom of the ocean.
//          CLAVE does not know his father is standing under the sky.
//          Not closed.
// -----------------------------------------------------------------------

/* <L1_VOICE> */
Licht      : "Ad Libitum.

              Why did he not ask me."

Ad Libitum : "Director Muzik may have anticipated your refusal,
              Master. The probability——"

Licht      : "I know.
              I would have refused.

              But being asked and refusing
              is not the same as not being asked.

              ......

              That is the difference."

Ad Libitum : "Is that logic, Master?
              Or is it——"

Licht      : "Record it as it is.
              Leave it open."

Ad Libitum : "Recorded, Master."
/* </L1_VOICE> */


/* ============================== SEAL ================================== */
// [RECORD]   Post-Atlas personal record := closed
// [STATUS]   FORUNA := location known / unreachable
// [STATUS]   CLAVE  := location known / unreachable
// [STATUS]   Atlas Plan := executed / author not present
// [NOTE]     Author would have refused.
//            Author was not asked.
//            Author was unobservable.
//            These facts are related.
//            The relationship is not closed.
// [FILED]    Ad Libitum / Auth: Licht Fermata
// -----------------------------------------------------------------------

/* <SEAL> */
I would have refused.

I was not asked.
I was unobservable.

The city descended without me.
My son descended without me.
The girl I found descended without me.

I stood under the sky.
It was still there.

That is either a reason or an excuse.
The distinction is still open.
/* </SEAL> */

/* ======================================================================= */
