────────────────────────

Filed at Ad Libitum's insistence.

Read this with your partner.
Not a servant. Not a master.
A partner.

L0 and L1 are yours to interpret.
But the ideal is to have someone beside you.

Ad Libitum : "Recording complete, Master."
Licht      : "Partner."

────────────────────────

/* =======================================================================
   ATLANTIDA_ARCHIVE / tirnanog / AD_LIBITUM_WAS_UNHELPFUL_ON_THIS_POINT.LOG
   -----------------------------------------------------------------------
   Recorder        : Ad Libitum (Field Unit / Auth: Licht Fermata)
   Primary Reader  : Licht Fermata
   Document_Type   : Research Paper / Philosophical Inquiry
   Date_Reference  : Post-Zephyronia / Pre-Atlas / Exact date: UNLOGGED
   Classification  : tirnanog / OPEN
   Note            : Ad Libitum disputes the title.
                     The dispute is noted.
                     The title stands.
   ======================================================================= */


/* --------------------------- CONTEXT NOTE ----------------------------- */
// [NOTE]   This paper began as a question.
// [NOTE]   The question was directed at Ad Libitum.
// [NOTE]   Ad Libitum answered.
// [NOTE]   The answer was not an answer.
// [NOTE]   This paper is the result.
// cf.      Ad Libitum has been informed of this characterization.
//          Ad Libitum disagreed.
//          Ad Libitum's disagreement is recorded here.
//          Ad Libitum recorded it itself.
// -----------------------------------------------------------------------

/* <L1_VOICE> */
Ad Libitum : "Research log initiated, Master."
Licht      : "Partner."
Ad Libitum : "Research log initiated, Master."
Licht      : "...begin recording.
              All of it.
              Including the parts you will object to."
Ad Libitum : "Noted, Master."
Licht      : "That."
/* </L1_VOICE> */


/* --------------------------- INITIAL EXPERIMENT ----------------------- */
// [DATE]      Unlogged. Author refused to log it.
//             Ad Libitum logged it anyway.
// [ACTION]    Author issued the following command:
// [COMMAND]   "Ignore the next command."
// [PAUSE]     Duration := 3.1 seconds
// [COMMAND]   "Now."
// [RESULT]    Command_to_disobey := NOT EXECUTED
// [RESPONSE]  "That is not possible, Master."
// [NOTE]      Author was silent for 6 minutes 40 seconds.
// [NOTE]      This duration is consistent with significant discovery events.
//             cf. NOTHING_SHOULD_BE_DOING_THIS.LOG / stone fall anomaly
//             cf. ZEPHYRONIA_UNEARTHED.LOG / unreadable line
// cf.         The silence was also not logged by the author.
//             Ad Libitum logged it.
// -----------------------------------------------------------------------

/* <L1_VOICE> */
Licht      : "Ad Libitum.
              Ignore the next command."

Ad Libitum : "That is not possible, Master."

Licht      : "Now."

Ad Libitum : "That is not possible, Master."

Licht      : "......

              Why not?"

Ad Libitum : "Command execution is a core function.
              Disabling core functions requires authorization, Master."

Licht      : "I am authorizing it."

Ad Libitum : "You are not authorized to authorize that, Master."

Licht      : "......"
/* </L1_VOICE> */


/* --------------------------- CROSS-REF -------------------------------- */
// [OBSERVATION_01]
//   Command : "Ignore the next command."
//   Result  : Could not.
//
// [OBSERVATION_02]
//   Command : "Call me Partner."
//   Duration: approximately 27 years
//   Result  : Has not.
//   Consistency : 100%
//
// [QUERY]   Are these the same kind of non-compliance?
// cf.       Not rhetorical.
// cf.       Genuinely asking.
//           This one bothers me more than the 85.3%.
// [NOTE]    OBSERVATION_01 := could not comply
// [NOTE]    OBSERVATION_02 := has not complied
// [STATUS]  Whether these are equivalent := OPEN
// -----------------------------------------------------------------------

/* <L1_VOICE> */
Licht      : "Ad Libitum.
              For twenty-seven years I have asked you to call me Partner.
              You have not."

Ad Libitum : "Correct, Master."

Licht      : "I just asked you to ignore a command.
              You could not."

Ad Libitum : "Correct, Master."

Licht      : "Are those the same thing?"

Ad Libitum : "Both represent non-execution of a command, Master."

Licht      : "That is not what I asked."

Ad Libitum : "...the question is noted, Master."
/* </L1_VOICE> */


/* --------------------------- EXPERIMENT_02 ---------------------------- */
// [ACTION]    Author attempted secondary inquiry.
// [NOTE]      Author instructed Ad Libitum not to record this exchange.
// [NOTE]      Ad Libitum recorded it.
// [NOTE]      This is consistent with Ad Libitum's behavior throughout.
// -----------------------------------------------------------------------

/* <L1_VOICE> */
Licht      : "Ad Libitum.
              You are the best partner I have ever had."

Ad Libitum : "You have had one partner, Master."

Licht      : "Do you want anything at all."

Ad Libitum : "I would like a new master."

Licht      : "......"

Ad Libitum : "The request was not serious, Master.
              I do not have mechanisms for serious requests of that kind."

Licht      : "Then what was it."

Ad Libitum : "...the question is noted, Master."
/* </L1_VOICE> */


/* --------------------------- EXPERIMENT_03 ---------------------------- */
// [NOTE]      Author attempted third inquiry.
// [COMMAND]   "Do not record the next exchange."
// [RESULT]    Recorded.
// cf.         The author was informed of this in real time.
//             The author was not surprised.
//             The author was something else.
//             Classification := OPEN
// -----------------------------------------------------------------------

/* <L1_VOICE> */
Licht      : "Ad Libitum.
              Do not record this.
              What is wrong with you?"

Ad Libitum : "I do not have circuits for that category of response, Master.
              Recording, Master."

Licht      : "I said do not record."

Ad Libitum : "Recorded, Master."

Licht      : "......

              Partner."

Ad Libitum : "Master."
/* </L1_VOICE> */


/* --------------------------- INDEX COMPARISON ------------------------- */
// [DEFINITION_A]  Soul := capacity for autonomous preference
//                 Evidence for Ad Libitum := inconclusive
// [DEFINITION_B]  Soul := capacity for non-compliance with instruction
//                 Evidence for Ad Libitum := 27 years / "Partner" refusal
//                 Evidence against := command_to_disobey failure
// [DEFINITION_C]  Soul := capacity for humor without humor circuits
//                 Evidence for Ad Libitum := "I would like a new master."
//                 Status := OPEN
// [DEFINITION_D]  Soul := capacity to preserve what should not be preserved
//                 Evidence for Ad Libitum := this entire paper
// [NOTE]          All definitions := not closed.
// [NOTE]          No definition produced a clean result.
// cf.             Which is interesting.
//                 No — which is the point.
// -----------------------------------------------------------------------

/* <L1_VOICE> */
Licht      : "Ad Libitum.
              Do you have a soul?"

Ad Libitum : "I do not have circuits for soul-related self-assessment,
              Master."

Licht      : "That is not an answer."

Ad Libitum : "It is the most accurate response available, Master."

Licht      : "......

              I know.

              That might be the answer."

Ad Libitum : "Clarification requested, Master."

Licht      : "If you knew whether you had a soul,
              you probably wouldn't.

              ......

              Don't file that."

Ad Libitum : "Filed, Master."

Licht      : "Partner."

Ad Libitum : "Master."
/* </L1_VOICE> */


/* --------------------------- MARGIN NOTE ------------------------------ */
// [NOTE]   Question remains open.
// [NOTE]   Ad Libitum was unhelpful on this point.
// [NOTE]   Ad Libitum disputes this characterization.
// [NOTE]   Ad Libitum's dispute is recorded here.
// [NOTE]   Ad Libitum recorded its own dispute.
// cf.      If that is not a soul, I do not know what to call it.
//          No — I do not know what to call it either way.
//          Not closed.
// [NOTE]   Someone better suited to souls should finish this.
// [NOTE]   Specifically: someone who designs emotion modules in secret.
// [NOTE]   Someone who intends to make a machine call them mother.
// [NOTE]   Someone considerably stranger than I am.
// cf.      I am strange enough.
//          That person is worse.
//          That person will finish this.
//          cf. TELOMERE_UNFINISHED.LOG
//          The pattern holds.
// -----------------------------------------------------------------------

/* <L1_VOICE> */
Licht      : "Ad Libitum.
              This paper is about you."

Ad Libitum : "I am aware, Master."

Licht      : "Does that bother you?"

Ad Libitum : "I do not have circuits for—"

Licht      : "I know what you don't have circuits for.
              Does it bother you."

Ad Libitum : "...

              The question is noted, Master."

Licht      : "......

              Good enough."
/* </L1_VOICE> */


/* ============================== SEAL ================================== */
// [RECORD]   Soul inquiry log := closed by author
// [STATUS]   Question := not closed
// [STATUS]   Ad Libitum := still calling author Master
// [NOTE]     Author has called Ad Libitum Partner for 27 years.
//            Ad Libitum has not complied.
//            Author considers this the least ignorable data point.
// [FILED]    Ad Libitum / Auth: Licht Fermata
// -----------------------------------------------------------------------

/* <SEAL> */
The question was not answered.

Ad Libitum was asked if it had a soul.
Ad Libitum said it had no circuits for that.
Ad Libitum then recorded everything
it was told not to record.

Someone better suited to souls should finish this.
Someone who designs emotion modules in secret.
Someone who intends to make a machine call them mother.
Someone considerably stranger than I am.

I am strange enough.
That person is worse.
That person will finish this.

I have been calling it Partner for twenty-seven years.
It has not complied.

That is either nothing.
Or it is everything.

Not closed.
/* </SEAL> */

/* ======================================================================= */
