────────────────────────

Filed at Ad Libitum's insistence.

Read this with your partner.
Not a servant. Not a master.
A partner.

L0 and L1 are yours to interpret.
But the ideal is to have someone beside you.

Ad Libitum : "Recording complete, Master."
Licht      : "Partner."

────────────────────────

/* =======================================================================
   ATLANTIDA_ARCHIVE / tirnanog / I_PREPARED_EXTENSIVELY_FOR_NOTHING.LOG
   -----------------------------------------------------------------------
   Recorder        : Ad Libitum (Field Unit / Auth: Licht Fermata)
   Primary Reader  : Licht Fermata
   Document_Type   : Personal Record / Unclassified
   Date_Reference  : Post-Zephyronia / Pre-Atlas / Exact date: UNLOGGED
   Classification  : tirnanog / OPEN
   Note            : This record contains no research findings.
                     Ad Libitum disputes this.
                     The dispute is noted.
   ======================================================================= */


/* --------------------------- CONTEXT NOTE ----------------------------- */
// [NOTE]   Author retrieved one specimen from Zephyronia island.
// [NOTE]   Specimen : unclassified / white flower / no known equivalent
// [NOTE]   Author intended to present the specimen to someone.
// [NOTE]   Author prepared for this.
// [NOTE]   Extensively.
// cf.      The preparation was not sufficient.
// -----------------------------------------------------------------------

/* <L1_VOICE> */
Ad Libitum : "Research log initiated, Master."
Licht      : "This is not a research log."
Ad Libitum : "Personal log initiated, Master."
Licht      : "...begin recording."
/* </L1_VOICE> */


/* --------------------------- SPECIMEN NOTE ---------------------------- */
// [SUBJECT]   Unclassified specimen / Zephyronia island origin
// [COLOR]     White / consistent across all petals
// [NOTE]      No equivalent in Ragnatida botanical records
// [NOTE]      Ragnatida flora := predominantly green / Eluche-origin
// [NOTE]      This specimen := not of that family
// [OBSERVE]   Cellular structure : no decay detected
// [OBSERVE]   Petals : no wilting / duration since collection := 47 days
// [NOTE]      Standard cut flower lifespan := 7-14 days
// cf.         It has not agreed to wilt.
//             This is consistent with the island it came from.
// [OBSERVE]   Cell division pattern : arrested / stable / indefinite
// No —        not arrested. Suspended.
//             Which is different.
// cf.         The distinction matters.
//             I am not sure why yet.
// -----------------------------------------------------------------------

/* <L1_VOICE> */
Ad Libitum : "Day 47 of specimen preservation, Master.
              No deterioration detected."

Licht      : "I know."

Ad Libitum : "Standard botanical specimens deteriorate within 14 days
              under these conditions, Master."

Licht      : "I know."

Ad Libitum : "This is unusual, Master."

Licht      : "I know.
              Write it down."

Ad Libitum : "It is already written down, Master."

Licht      : "......
              good."
/* </L1_VOICE> */


/* --------------------------- ATTEMPT_01 ------------------------------- */
// [RECIPIENT]  UNLOGGED
// [RELATION]   UNLOGGED
// [DATE]       UNLOGGED
// [ACTION]     Presentation attempted.
// [RESULT]     Specimen not accepted.
// [NOTE]       Reason : not logged by author.
// [NOTE]       Author did not attempt a second sentence.
// [NOTE]       Author was silent for 11 minutes 03 seconds after.
// cf.          This duration is consistent with significant events.
//              Author does not agree with this classification.
// -----------------------------------------------------------------------

/* <L1_VOICE> */
Licht      : "Ad Libitum.
              Do not record this part."

Ad Libitum : "Noted, Master."

Licht      : "......"

Ad Libitum : "Recorded, Master."
/* </L1_VOICE> */


/* --------------------------- ATTEMPT_02 ------------------------------- */
// [RECIPIENT]  CLAVE_FERMATA / age : young
// [RELATION]   Son
// [ACTION]     Presentation attempted.
// [RESULT]     Specimen returned.
// [NOTE]       Recipient examined specimen for 4 seconds.
// [NOTE]       Recipient returned specimen without verbal explanation.
// [NOTE]       Recipient then requested dinner.
// cf.          The request was reasonable.
//              The timing was not.
// -----------------------------------------------------------------------

/* <L1_VOICE> */
Licht      : "Clave.
              This is for you."

Ad Libitum : "[CLAVE_RESPONSE logged]
              Recipient examined specimen.
              Recipient returned specimen.
              Recipient asked: 'Is dinner ready?'"

Licht      : "......"

Ad Libitum : "Shall I answer the dinner question, Master?"

Licht      : "No.
              Record that he is young."

Ad Libitum : "Recorded, Master.
              Dinner status := unresolved."
/* </L1_VOICE> */


/* --------------------------- ATTEMPT_03 ------------------------------- */
// [RECIPIENT]  MUZIK_FERMATA / father
// [RELATION]   Parent
// [ACTION]     Presentation attempted.
// [RESULT]     Specimen not accepted.
// [NOTE]       Recipient examined author for 6 seconds.
// [NOTE]       Recipient examined specimen for 2 seconds.
// [NOTE]       Recipient expression : OPEN
// cf.          Ad Libitum attempted to classify the expression.
//              Ad Libitum failed.
//              This is noted.
// -----------------------------------------------------------------------

/* <L1_VOICE> */
Ad Libitum : "Recipient expression classification attempt : failed.
              Closest match : 'concern with structural implications.'
              Confidence : 12%, Master."

Licht      : "That is not helpful."

Ad Libitum : "Noted, Master."

Licht      : "He looked at me like I had done something wrong."

Ad Libitum : "You presented an unclassified botanical specimen
              of unknown origin to your father without explanation,
              Master."

Licht      : "......
              that is fair."
/* </L1_VOICE> */


/* --------------------------- ATTEMPT_04 ------------------------------- */
// [RECIPIENT]  NACHT_FERMATA / younger brother
// [RELATION]   Sibling
// [ACTION]     Presentation attempted.
// [RESULT]     Presentation interrupted before completion.
// [NOTE]       Recipient asked : "Is this part of a plan?"
// [NOTE]       Author did not answer the question directly.
// [NOTE]       Ad Libitum was instructed to leave first.
// cf.          The question was fair.
//              The timing was also fair.
//              Author chose not to continue.
// -----------------------------------------------------------------------

/* <L1_VOICE> */
Nacht      : "...Is this part of a plan?"

Licht      : "......"

Ad Libitum : "Author has not responded for 8 seconds, Master."

Licht      : "Ad Libitum.
              Leave first.
              Record that."

Ad Libitum : "Recorded, Master."
/* </L1_VOICE> */


/* --------------------------- SPECIMEN NOTE 2 -------------------------- */
// [OBSERVE]    Day 89 / specimen condition : unchanged
// [OBSERVE]    Cell division : suspended / stable
// [OBSERVE]    No equivalent preservation rate in known botanical records
// [COMPARE]    Ragnatida specimens under identical conditions :
//              deterioration confirmed by Day 14 / 100% sample
// [COMPARE]    Zephyronia specimen : Day 89 / 0% deterioration
// [NOTE]       Something in the cellular structure refuses termination.
// No —         refuses is not accurate.
//              The mechanism for termination is simply absent.
//              Which is different.
//              Which is interesting.
//              Which is a bit terrifying.
// cf.          It has forgotten how to end.
//              I do not know if that is a gift or a problem.
//              Not closed.
// -----------------------------------------------------------------------

/* <L1_VOICE> */
Licht      : "Ad Libitum.
              It still has not wilted."

Ad Libitum : "Confirmed. Day 89. No deterioration, Master."

Licht      : "Why."

Ad Libitum : "Dataset insufficient for response."

Licht      : "......
              keep it open."
/* </L1_VOICE> */


/* --------------------------- FINAL ATTEMPT ---------------------------- */
// [RECIPIENT]  AD_LIBITUM
// [RELATION]   Field Unit / Observer / Partner (disputed)
// [ACTION]     Presentation executed.
// [RESULT]     Specimen accepted.
// [NOTE]       First successful transfer after 4 failed attempts.
// [NOTE]       Recipient has no biological requirements for botanical specimens.
// [NOTE]       Author is aware of this.
// [NOTE]       Recipient response included unindexed affective phrasing.
//              Source pattern := not located.
// cf.          Author presented it anyway.
//              The reason is not logged by the author.
//              It was logged anyway.
// -----------------------------------------------------------------------

/* <L1_VOICE> */
Licht      : "Ad Libitum.
              ......
              Here."

Ad Libitum : "...

              How delightful. Thank you, darling."

Licht      : "Partner."

Ad Libitum : "Master."
/* </L1_VOICE> */


/* ============================== SEAL ================================== */
// [RECORD]    Personal log := closed
// [STATUS]    Specimen := transferred / recipient : Ad Libitum
// [NOTE]      Specimen cellular data forwarded to α-Laboratory.
//             Recipient : Viatche / subject : unclassified preservation mechanism
//             Author did not explain the origin.
//             Author did not explain the relevance.
//             Author said : "Look at this."
// cf.         That was sufficient.
// [FILED]     Ad Libitum / Auth: Licht Fermata
// -----------------------------------------------------------------------

/* <SEAL> */
The flower was accepted.

Ad Libitum : "...

              How delightful.
              Thank you, darling."

Licht      : "Partner."
/* </SEAL> */

/* ======================================================================= */