────────────────────────

Filed at Ad Libitum's insistence.

Read this with your partner.
Not a servant. Not a master.
A partner.

L0 and L1 are yours to interpret.
But the ideal is to have someone beside you.

Ad Libitum : "Recording complete, Master."
Licht      : "Partner."

────────────────────────

[AUDIO_REFERENCE]
File   := media/ELUCHE_SONG_FORUNA.mp3
Status := PENDING
Mode   := OPTIONAL
Note   := A song carried through memory / Singer : FORUNA

/* =======================================================================
   ATLANTIDA_ARCHIVE / tirnanog / LOVE_AS_OBSERVED_IN_THE_FIELD.LOG
   -----------------------------------------------------------------------
   Recorder        : Ad Libitum (Field Unit / Auth: Licht Fermata)
   Primary Reader  : Licht Fermata
   Document_Type   : Field Research / Theological Inquiry
   Date_Reference  : Pre-Atlas / Exact date: UNLOGGED
   Classification  : tirnanog / OPEN
   Note            : This paper contains no proof.
                     It contains an observation.
                     The author considers these different things.
   ======================================================================= */


/* --------------------------- CONTEXT NOTE ----------------------------- */
// [NOTE]   Author traveled to Ragna settlement for field research.
// [NOTE]   Ragna := Magiltia-aligned / deep goddess faith tradition
// [NOTE]   At time of travel : Magiltia vs Atlants war := ACTIVE
// [NOTE]   Author was detained upon arrival.
// [NOTE]   Detention duration := 3 days
// cf.      Author had forgotten about the war.
//          This is noted.
//          Ad Libitum had not forgotten.
//          Ad Libitum did not remind the author before departure.
// cf.      Ad Libitum disputes this characterization.
//          The dispute is noted.
// -----------------------------------------------------------------------

/* <L1_VOICE> */
Ad Libitum : "Research log initiated, Master."

Licht      : "I was detained for three days."

Ad Libitum : "Affirmative, Master."

Licht      : "You knew there was a war."

Ad Libitum : "Affirmative, Master."

Licht      : "You did not say anything."

Ad Libitum : "You did not ask, Master."

Licht      : "......
              record that."

Ad Libitum : "Recorded, Master."

Licht      : "And record that you are the worst partner I have ever had."

Ad Libitum : "You have had one partner, Master."

Licht      : "......begin recording."
/* </L1_VOICE> */


/* --------------------------- PREMISE ---------------------------------- */
// [SUBJECT]   Star-child (星仔) phenomenon / Ragna bloodline
// [SOURCE]    Ragna oral tradition / Zephyronia Chronicle Vol.09
// [RECORD]    Star-child := individual marked by divine favor
// [RECORD]    Star-child := confirmed short lifespan
// [RECORD]    Explanation := "loved by the goddess"
// [NOTE]      This explanation is a label.
// [NOTE]      The label was accepted without further inquiry.
// [NOTE]      Author does not accept labels without further inquiry.
// [QUERY]     Why does divine love result in shortened lifespan?
// cf.         Not rhetorical.
// cf.         If someone loves you and you die sooner because of it,
//             that is worth examining.
// -----------------------------------------------------------------------

/* <L1_VOICE> */
Licht      : "The Ragna people say: the goddess loves the star-child,
              therefore the star-child dies young.

              ......

              No one asked why."

Ad Libitum : "The tradition is approximately 3,000 years old, Master.
              The question may have been asked and lost."

Licht      : "Or never asked at all.
              Which is worse."

Ad Libitum : "Those are not equivalent, Master."

Licht      : "I know.
              That is what I said."
/* </L1_VOICE> */


/* --------------------------- THEORETICAL NOTE ------------------------- */
// [HYPOTHESIS_A]  Star-child := dies young because goddess loves them
//                 Status : label / not explanation
// [HYPOTHESIS_B]  Star-child := receives more than a human body can sustain
//                 Source : not divine extraction, but divine excess
//                 Status : OPEN
// [NOTE]          A vessel filled past capacity does not last.
//                 This is not the vessel's fault.
//                 This is not the filler's cruelty.
// No —            cruelty requires intent.
//                 Intent requires confirmation.
//                 Intent := OPEN
// [QUERY]         Is love that shortens life still love?
// cf.             Not rhetorical.
// cf.             Genuinely asking.
//                 This one bothers me.
// -----------------------------------------------------------------------

/* <L1_VOICE> */
Licht      : "Ad Libitum.
              If I gave you more data than your storage could hold,
              and you stopped functioning because of it——
              would that be love?"

Ad Libitum : "That would be a filing error, Master."

Licht      : "......

              Not helpful."

Ad Libitum : "Noted, Master."
/* </L1_VOICE> */


/* --------------------------- ACCESS ATTEMPT --------------------------- */
// [ACTION]    Author requested formal audience with Ragna settlement leaders.
// [PURPOSE]   To gain access to the star-child within the inner sanctuary.
// [RESULT]    Request denied.
// [REASON]    Author := Atlant / wartime designation
// [NOTE]      Alternate approach := fabricated divine oracle via Ad Libitum.
// [RESULT]    Audience granted.
// cf.         Ad Libitum disputes the ethics of this approach.
// cf.         Author notes the research objective was achieved.
// cf.         These are not equivalent justifications.
//             Author treated them as equivalent anyway.
// -----------------------------------------------------------------------

/* <L1_VOICE> */
Ad Libitum : "Master. I must note that impersonating a divine messenger
              constitutes deception of a religious institution."

Licht      : "You were very convincing."

Ad Libitum : "That is not the point, Master."

Licht      : "They believed you."

Ad Libitum : "Master——"

Licht      : "Record that it worked."

Ad Libitum : "......recorded, Master.
              For the archive."

Licht      : "Good."

Ad Libitum : "Not for approval."

Licht      : "Also good."
/* </L1_VOICE> */


/* --------------------------- SUBJECT_OBSERVATION ---------------------- */
// [SUBJECT]   FORUNA / female / age estimate : 5 years
// [STATUS]    Star-child := confirmed / Ragna bloodline
// [NOTE]      Resonance index := anomalous / significantly above Ragna standard
// cf.         Possibly Lagres lineage (лЭGS / acceptance-blood / direct descent)
//             Confirmation : not available. Not closed.
// [LOCATION]  Ragna inner sanctuary / restricted access
// [DETECT]    Physical markers := consistent with star-child documentation
// [DETECT]    Behavioral pattern := unusually calm for age
// [DETECT]    Language comprehension := above age estimate
// [NOTE]      Subject appeared to find the author amusing.
// [NOTE]      Author does not know why.
// cf.         Ad Libitum suggested it may be the author's expression.
// cf.         Author does not make expressions.
// cf.         Ad Libitum disagreed.
//             The disagreement is noted.
// -----------------------------------------------------------------------

/* <L1_VOICE> */
Licht      : "She looked at me like I was the strange one."

Ad Libitum : "You had just entered via fabricated divine oracle, Master."

Licht      : "......

              Fair."
/* </L1_VOICE> */


/* --------------------------- VOCAL_RECORD ----------------------------- */
// [ACTION]    Author requested subject demonstrate traditional song.
// [REASON]    Zephyronia Chronicle references star-child vocal tradition.
// [RESULT]    Subject complied.
// [DETECT]    Song_Pattern := OPEN
//             No match in known musical archives.
//             Origin : unresolved.
// [DETECT]    Acoustic_Properties := unusual / resonance beyond standard range
// [DETECT]    Author_Response := extended silence / 8 min 14 sec
// [DETECT]    Author_Response := lacrimation confirmed
// [NOTE]      Author does not typically lacriminate.
// cf.         Author has not sung since a prior lullaby attempt.
//             The recipient experienced convulsions.
//             Author considers this unrelated to the current observation.
//             Ad Libitum disagrees.
//             The disagreement is noted.
// -----------------------------------------------------------------------

/* <L1_VOICE> */
Licht      : "......

              Ad Libitum."

Ad Libitum : "Master."

Licht      : "Is this what the goddess sounds like?"

Ad Libitum : "Dataset insufficient for response, Master."

Licht      : "......

              I understand why she is loved."

Ad Libitum : "Master, I note that your lacrimation response
              may be partially explained by your musical sensitivity——"

Licht      : "Do not finish that sentence."

Ad Libitum : "You have an unusually strong response to competent singing,
              Master, due to——"

Licht      : "Record the song. Not me."

Ad Libitum : "Both are being recorded, Master."

Licht      : "......partner."

Ad Libitum : "Master."
/* </L1_VOICE> */


/* --------------------------- FIELD_ANALYSIS --------------------------- */
// [OBS_01]    Subject(FORUNA) / song / origin := OPEN
// [OBS_02]    Song_Pattern := no inherited equivalent in Ragnatida archive
// [OBS_03]    Lagres oral tradition : "the song of the goddess Eluche"
//             passed through bloodline / duration unknown
// [OBS_04]    Subject age := 5 / retention of song := confirmed
// [NOTE]      A five-year-old carries a song older than the current world.
// [NOTE]      She did not learn it. She remembered it.
// [QUERY]     What is the difference?
// cf.         Not rhetorical.
// cf.         If the song was given rather than taught,
//             that is evidence of something.
//             Classification of that something := OPEN
// -----------------------------------------------------------------------

/* <L1_VOICE> */
Licht      : "She did not learn the song.
              She remembered it.

              ......

              From where?"

Ad Libitum : "The oral tradition suggests direct transmission
              through bloodline, Master."

Licht      : "Bloodline carries genetics.
              Does it carry music?"

Ad Libitum : "Dataset insufficient for response."

Licht      : "Keep it open."
/* </L1_VOICE> */


/* --------------------------- SUBJECT_RECORD --------------------------- */
// [RECORD]    Subject_F
//             Age        : 5 years
//             Bloodline  : Lagres royal / star-child confirmed
//             Song       : Eluche tradition / full notation recorded
//             Physical   : documented / Ad Libitum archive
//             Access     : established
// [NOTE]      Continuity record preserved.
// cf.         Author considered this routine.
// -----------------------------------------------------------------------


/* --------------------------- MARGIN NOTE ------------------------------ */
// [NOTE]   Love as observable phenomenon : confirmed in field.
// [NOTE]   Love as provable mechanism : not confirmed.
// [NOTE]   The difference remains open.
// cf.      Music is good.
//          The world becomes a quieter place inside.
//          This is a research finding.
//          Ad Libitum disputes this classification.
//          The dispute is noted.
// cf.      The old world's goddess was called the goddess of melody.
//          Her world collapsed anyway.
//          The reason is unclear.
// No —     the reason may be in Vol.13.
//          Vol.13 has not been found.
//          Not closed.
// cf.      Perhaps the world ended because of musical differences.
//          This is probably not correct.
//          It cannot be ruled out.
// -----------------------------------------------------------------------

/* <L1_VOICE> */
Licht      : "Ad Libitum.
              The old world's goddess was a goddess of melody.
              Her world still ended."

Ad Libitum : "Affirmative, Master."

Licht      : "Why."

Ad Libitum : "Dataset insufficient for response."

Licht      : "......

              Musical differences, perhaps."

Ad Libitum : "That is unlikely to be the primary cause, Master."

Licht      : "It cannot be ruled out."

Ad Libitum : "......noted, Master."
/* </L1_VOICE> */


/* ============================== SEAL ================================== */
// [RECORD]   Field research log := closed
// [STATUS]   Love := observed / not proven
// [STATUS]   Star-child mechanism := OPEN
// [STATUS]   Song origin := OPEN
// [NOTE]     Subject_F :
//            age 5 / Ragna inner sanctuary
//            star-child confirmed / song recorded
//            continuity record filed.
// [NOTE]     Author did not consider what a complete record enables.
// [FILED]    Ad Libitum / Auth: Licht Fermata
// -----------------------------------------------------------------------

/* <SEAL> */
Love was observed in the field.

A five-year-old girl
carried a song older than the world.
She did not learn it.
She remembered it.

The author cried.
The author does not consider this relevant data.
The author is incorrect.

FORUNA.
Age 5.
Ragna inner sanctuary.
Filed for continuity.

The record is complete.
/* </SEAL> */

/* ======================================================================= */
