────────────────────────

Filed at Ad Libitum's insistence.

Read this with your partner.
Not a servant. Not a master.
A partner.

L0 and L1 are yours to interpret.
But the ideal is to have someone beside you.

Ad Libitum : "Recording complete, Master."
Licht      : "Partner."

────────────────────────

/* =======================================================================
   ATLANTIDA_ARCHIVE / tirnanog / NOTHING_SHOULD_BE_DOING_THIS.LOG
   -----------------------------------------------------------------------
   Recorder        : Ad Libitum (Field Unit / Auth: Licht Fermata)
   Primary Reader  : Licht Fermata
   Document_Type   : Incidental Discovery Record
   Date_Reference  : Post-Zephyronia / Pre-Atlas / Exact date: UNLOGGED
   Classification  : tirnanog / OPEN
   ======================================================================= */


/* --------------------------- CONTEXT NOTE ----------------------------- */
// [NOTE]   This paper was not planned.
// [NOTE]   Author was conducting Zephyronia site analysis at the time.
// [NOTE]   The discovery interrupted that work.
// [NOTE]   Author considers this rude.
// cf.      The shadow did not wait to be looked for.
// -----------------------------------------------------------------------

/* <L1_VOICE> */
Ad Libitum : "Research log initiated, Master."
Licht      : "Partner."
Ad Libitum : "Research log initiated, Master."
Licht      : "...begin recording.
              And note that I did not plan this."
Ad Libitum : "Noted, Master."
/* </L1_VOICE> */


/* --------------------------- INITIAL ANOMALY -------------------------- */
// [SITE]      Zephyronia excavation site / stratum analysis
// [DETECT]    Stone_Fall_Pattern := anomalous
// [COMPARE]   Expected_trajectory vs. Observed_trajectory
//             Discrepancy := consistent / directional / repeating
// [NOTE]      Military assessment := instrument malfunction
// [NOTE]      Author assessment := instruments are fine
// [QUERY]     Why does the stone fall that way?
// cf.         Not rhetorical.
// [NOTE]      Instruments showing malfunction do not produce
//             consistent directional discrepancy.
//             Malfunction produces noise.
//             This is not noise.
// -----------------------------------------------------------------------

/* <L1_VOICE> */
Licht      : "Ad Libitum.
              The stone falls wrong."

Ad Libitum : "Instrument calibration check: complete.
              All instruments nominal, Master."

Licht      : "I know.
              That is the problem."
/* </L1_VOICE> */


/* --------------------------- CROSS-REF -------------------------------- */
// [SOURCE_A]  Zephyronia site / gravitational measurement / current
// [SOURCE_B]  Pre-archive military flight data / instrument anomaly reports
//             cf. All flagged as malfunction. None investigated.
// [SOURCE_C]  Zephyronia Chronicle / Vol.03 / gravitational passages
//             Status := partially legible / author still learning ancient script
// [SOURCE_D]  Lagres Royal Archive / oral tradition / "the weight of the unseen"
// [PATTERN]   Discrepancy appears across all four sources.
// [PATTERN]   No single source treats it as significant.
// [NOTE]      Four separate records of the same anomaly.
//             Four separate decisions to ignore it.
// cf.         Which is late.
// -----------------------------------------------------------------------

/* <L1_VOICE> */
Licht      : "This is in the Lagres oral records.
              It is in the flight data.
              It is in the Zephyronia.

              No — it was always there.
              Everyone filed it under 'error' and moved on."

Ad Libitum : "That is the standard procedure for unresolvable anomalies,
              Master."

Licht      : "I know.
              Standard procedure was wrong."
/* </L1_VOICE> */


/* --------------------------- INDEX COMPARISON ------------------------- */
// [METHOD]    Mass calculation via gravitational observation
// [STEP_1]    Observed mass of Zephyronia island := M(obs)
// [STEP_2]    Expected mass from volume + material density := M(exp)
// [RESULT_1]  M(obs) > M(exp) / consistently / across all measurement points
// [STEP_3]    Extended calculation to regional strata
// [STEP_4]    Extended calculation to continental mass
// [STEP_5]    Extended calculation to stellar observation records
//             (Lagres archive / 3,000 years of data)
// [RESULT_2]  Missing := 85.3%
// [NOTE]      No — not missing.
//             Present. Undetected.
//             Which is different.
// [QUERY]     Why?
// cf.         Not rhetorical.
// cf.         85.3% of the world has been here the entire time.
//             We were simply not looking at it.
//             Which is interesting.
//             No — which is embarrassing.
// -----------------------------------------------------------------------

/* <L1_VOICE> */
Licht      : "Ad Libitum.
              Run the calculation again."

Ad Libitum : "Calculation complete. Result unchanged.
              85.3% mass discrepancy confirmed, Master."

Licht      : "......

              It was always there.

              We just called it nothing."

Ad Libitum : "The discrepancy has been present in the data for
              approximately 3,000 years of recorded observation."

Licht      : "And no one asked why."

Ad Libitum : "It was classified as instrument error."

Licht      : "......

              That is extremely unhelpful."
/* </L1_VOICE> */


/* --------------------------- FIELD OBSERVATION ------------------------ */
// [DETECT]    Shadow_phenomenon / Zephyronia site
// [NOTE]      Phenomenon predates Atlant technology
// [NOTE]      Phenomenon predates Magiltia classification systems
// [NOTE]      Phenomenon predates current stellar observation methods
// [COMPARE]   Magiltia terminology := "shadow of the goddess" / classified: taboo
// [COMPARE]   Atlant terminology   := "instrument error" / classified: irrelevant
// [COMPARE]   Lagres terminology   := "the weight of the unseen" / classified: sacred
// [NOTE]      Three civilizations. Three ways of not looking at it.
// cf.         Which is consistent with how things work.
// -----------------------------------------------------------------------

/* <L1_VOICE> */
Licht      : "The Magiltia called it the goddess's shadow.
              They refused to observe it.

              The scientists called it instrument error.
              They refused to record it.

              The Lagres called it sacred.
              They refused to question it.

              ......

              No one just looked at it."

Ad Libitum : "You are looking at it now, Master."

Licht      : "Yes.
              It was not difficult."
/* </L1_VOICE> */


/* --------------------------- METHODOLOGY NOTE ------------------------- */
// [APPROACH]  Comparative subtraction
//             (observed gravity) - (accounted mass) = unaccounted presence
// [NOTE]      Method does not require new instruments.
// [NOTE]      Method does not require new technology.
// [NOTE]      Method requires only willingness to leave the result OPEN.
// cf.         The method was always available.
//             No one used it because no one wanted an answer.
// [QUERY]     Why did no one want an answer?
// cf.         Not rhetorical.
// cf.         Genuinely asking.
//             This one bothers me.
// -----------------------------------------------------------------------

/* <L1_VOICE> */
Licht      : "I did not invent anything.
              I did not build anything.

              I subtracted.

              ......

              Why did no one subtract before?"

Ad Libitum : "Probability analysis suggests the result was
              considered undesirable, Master."

Licht      : "The result is 85% of reality.
              How is that undesirable."

Ad Libitum : "Dataset insufficient for response."

Licht      : "......correct answer."
/* </L1_VOICE> */


/* --------------------------- NAMING NOTE ------------------------------ */
// [STATUS]    Phenomenon identified / confirmed / reproducible
// [STATUS]    Name := NOT ASSIGNED
// [NOTE]      Author attempted naming.
// [NOTE]      Author stopped.
// cf.         I am not good at names.
//             Ad Libitum has not accepted its own name.
//             My son's name was assigned by his grandfather.
//             This pattern is consistent.
// [NOTE]      Whoever uses this will name it something.
//             That is their right.
//             The thing itself does not care what it is called.
// cf.         Which is sufficient.
// -----------------------------------------------------------------------

/* <L1_VOICE> */
Ad Libitum : "Master. The phenomenon requires a designation
              for archival classification purposes."

Licht      : "I know."

Ad Libitum : "Shall I assign a provisional designation?"

Licht      : "No.

              ......

              Do you like your name, Ad Libitum?"

Ad Libitum : "The designation was assigned. It is functional."

Licht      : "That is not what I asked."

Ad Libitum : "...the question is noted, Master."

Licht      : "Partner.

              ......

              Leave the name blank.
              Someone else will find it.
              They can name it."

Ad Libitum : "Archival classification efficiency will decrease
              by 92.4% without a designation, Master."

Licht      : "File it anyway."

Ad Libitum : "Filed, Master."

Licht      : "......partner."
/* </L1_VOICE> */


/* --------------------------- MARGIN NOTE ------------------------------ */
// [NOTE]   Discovery confirmed / reproducible / transferable
// [NOTE]   Practical applications := not explored by author
// cf.      Someone will find a use for 85% of reality.
//          That is their problem.
//          I found it. That is mine.
// [NOTE]   The Magiltia were not wrong that it is a shadow.
//          They were wrong that it belongs to a goddess.
// [NOTE]   No — I do not know who it belongs to.
//          Not closed.
// -----------------------------------------------------------------------

/* <L1_VOICE> */
Licht      : "Someone will use this.
              Build something with it.
              Control something with it.

              ......

              I hope they ask why it is here
              before they ask what it can do."

Ad Libitum : "That is not a research finding, Master."

Licht      : "File it."

Ad Libitum : "...filed."
/* </L1_VOICE> */


/* ============================== SEAL ================================== */
// [RECORD]   Dark phenomenon discovery log := closed
// [STATUS]   Phenomenon := confirmed / unnamed / OPEN
// [STATUS]   Practical applications := deferred to subsequent researchers
// [NOTE]     Author did not name it.
//            Author does not apologize for this.
// [FILED]    Ad Libitum / Auth: Licht Fermata
// -----------------------------------------------------------------------

/* <SEAL> */
It was always there.
85.3% of everything.

No one subtracted.

Someone will name it.
Someone will use it.
Someone will build a city on it.

I found it.
That is sufficient.
/* </SEAL> */

/* ======================================================================= */
