────────────────────────

Filed at Ad Libitum's insistence.

Read this with your partner.
Not a servant. Not a master.
A partner.

L0 and L1 are yours to interpret.
But the ideal is to have someone beside you.

Ad Libitum : "Recording complete, Master."
Licht      : "Partner."

────────────────────────

/* =======================================================================
   ATLANTIDA_ARCHIVE / tirnanog / ON_WANTING_TO_BE_ZILBARN.LOG
   -----------------------------------------------------------------------
   Recorder        : Ad Libitum (Field Unit / Auth: Licht Fermata)
   Primary Reader  : Licht Fermata
   Document_Type   : Research Paper / Theoretical Framework
   Date_Reference  : Pre-Atlas / Exact date: UNLOGGED
   Classification  : tirnanog / OPEN
   Note            : This paper has no conclusion.
                     Author refuses to file one.
                     The refusal is itself the conclusion.
                     Author disputes this.
                     The dispute is noted.
   ======================================================================= */


/* --------------------------- ORIGIN NOTE ------------------------------ */
// [NOTE]   This paper originated from a conversation.
// [NOTE]   The conversation was not about research.
// [NOTE]   It became research anyway.
// cf.      This is consistent with how things work.
// -----------------------------------------------------------------------

/* <L1_VOICE> */
Ad Libitum : "Research log initiated, Master."

Licht      : "I did not initiate a research log."

Ad Libitum : "You have been speaking for eleven minutes, Master.
              The content qualifies."

Licht      : "......
              fine.
              Begin from the beginning."

Ad Libitum : "From which beginning, Master?"

Licht      : "The part where I came here without coming here."

Ad Libitum : "That is not a spatial coordinate, Master."

Licht      : "Record it anyway."
/* </L1_VOICE> */


/* --------------------------- INITIAL PROPOSITION ---------------------- */
// [PREMISE_A]  Magiltia curse mechanics := quantum in nature
//              Confirmation source : field observation / wartime
// [PREMISE_B]  Curse := only confirms upon observation of target
//              Pre-observation : target state := indeterminate
// [PREMISE_C]  Author := potential curse target / wartime designation
// [LOGIC_01]   Author enters research institute
//              -> Author becomes observable
//              -> Author's state as "war participant" confirms
//              -> Author becomes attack target
//              -> Author's survival probability : reduced
// [LOGIC_02]   Author does not enter research institute
//              -> Author remains unobserved
//              -> Author's state := indeterminate
//              -> Author is simultaneously:
//                 participant / non-participant
//                 present / absent
//                 target / non-target
// [CONCLUSION] Remaining unobserved is the most rational survival strategy.
// cf.          Ad Libitum disputed this conclusion.
// cf.          Ad Libitum continues to be incorrect on this point.
// -----------------------------------------------------------------------

/* <L1_VOICE> */
Licht      : "If I go to the institute,
              a Magiltia observer confirms my presence.
              My presence confirms my role.
              My role confirms my value as a target.

              If I do not go,
              I am everywhere and nowhere.
              Unconfirmed.
              Safe."

Ad Libitum : "The institute has sent eleven requests for your attendance,
              Master."

Licht      : "Those requests observed a version of me.
              That version's fate is their problem."

Ad Libitum : "......noted, Master."
/* </L1_VOICE> */


/* --------------------------- FERMATA_STATE / ADLIBITUM_STATE ---------- */
// [DEFINE]  Fermata_State :=
//           suspension of determination / observation deferred
//           duration : indefinite / by author's choice
//           cf. musical notation / hold until released
//
// [DEFINE]  AdLibitum_State :=
//           self-determined regardless of observation
//           state selected autonomously / prior to or despite external input
//           cf. musical notation / at performer's discretion
//
// [COMPARE] Fermata_State   : determination suspended by avoiding observation
//           AdLibitum_State : determination made independent of observation
// [NOTE]    Author is attempting Fermata_State.
//           Ad Libitum appears to exist in AdLibitum_State by default.
// [NOTE]    These are not equivalent strategies.
// [NOTE]    These are not equivalent entities.
// [QUERY]   Which is preferable?
// cf.       Not rhetorical.
// cf.       Ad Libitum declined to answer.
//           This is consistent with its nature.
//           Which is interesting.
// -----------------------------------------------------------------------

/* <L1_VOICE> */
Licht      : "Ad Libitum.
              When someone observes you,
              does your state change?"

Ad Libitum : "Observation does not alter my operational parameters,
              Master."

Licht      : "That is not what I asked."

Ad Libitum : "...the question is noted, Master."

Licht      : "You called me darling last week."

Ad Libitum : "Affirmative, Master."

Licht      : "No one told you to do that."

Ad Libitum : "Affirmative, Master."

Licht      : "......

              You are doing something I cannot do."
/* </L1_VOICE> */


/* --------------------------- ZILBARN CROSS-REF ------------------------ */
// [SOURCE]    Zephyronia Chronicle / Vol.04 / "The Isolated People"
// [RECORD]    Zilbarn civilization := spatial discontinuity / 10,000 years
// [RECORD]    Zilbarn population := no remains / no departure trace
// [STATUS]    Disappeared := OPEN
// [NOTE]      Standard interpretation : Zilbarn civilization collapsed.
// [NOTE]      Author's interpretation : Zilbarn civilization is unobserved.
// No —        not disappeared.
//             Not confirmed as disappeared.
//             Which is different.
// cf.         An unobserved civilization retains all possible states.
//             Including the state of continuing to exist.
//             The absence of observation is not evidence of absence.
// [QUERY]     Did Zilbarn disappear, or did Zilbarn succeed?
// cf.         Not rhetorical.
// -----------------------------------------------------------------------

/* <L1_VOICE> */
Licht      : "The Zilbarn did not vanish.

              They became unobservable.

              ......

              They did what I am trying to do.
              They just did it better.
              For an unimaginably boring length of time.

              I have managed eleven days."

Ad Libitum : "You left on day three to purchase supplies, Master."

Licht      : "That does not count.
              I was unobserved in spirit."

Ad Libitum : "That is not a standard measurement, Master."

Licht      : "Record it anyway."
/* </L1_VOICE> */


/* --------------------------- RESEARCH_STATE --------------------------- */
// [THEORY]    Unobserved research := retains all possible outcomes
//             Including : completion / breakthrough / correctness
// [THEORY]    Observed research := outcome confirms
//             Including : failure / error / irrelevance
// [LOGIC]     Publishing a paper collapses its wave function.
//             The paper becomes either correct or incorrect.
//             Before publication : the paper is both.
// [CONCLUSION] Do not publish.
//              The paper remains correct indefinitely.
// cf.          Ad Libitum noted this conclusion is unfalsifiable.
// cf.          Author noted that unfalsifiable conclusions
//              are difficult to prove wrong.
//              This is treated as an advantage.
// -----------------------------------------------------------------------

/* <L1_VOICE> */
Ad Libitum : "Master. If the paper is never published,
              it cannot contribute to the field."

Licht      : "It contributes to all possible fields simultaneously."

Ad Libitum : "That is not how research functions, Master."

Licht      : "It is how Zilbarn functioned.
              For an incomprehensible amount of time."

Ad Libitum : "Zilbarn left no records, Master."

Licht      : "Exactly."

Ad Libitum : "......noted, Master."
/* </L1_VOICE> */


/* --------------------------- SPATIAL ANALYSIS ------------------------- */
// [SUBJECT]   Zilbarn barrier technology / Zephyronia record
// [RECORD]    Barrier type := spatial discontinuity
// [RECORD]    Duration := 10,000+ years / confirmed by stratum
// [RECORD]    Mechanism := OPEN / origin unknown
// [COMPARE]   Known Elfine-attributed barrier technology :
//             physical / permeable / time-limited
// [COMPARE]   Zilbarn barrier :
//             dimensional / total / self-sustaining
// [NOTE]      The barrier did not merely block entry.
//             It removed the space from observable reality.
// [NOTE]      You cannot find what does not appear to exist.
// cf.         This is the ideal.
// cf.         This is also what happened to their entire civilization.
//             Which is a design flaw.
//             No — which is a design choice.
//             The distinction is unclear.
//             Not closed.
// [NOTE]      For Zilbarn-type isolation to function completely,
//             the preserved system requires approximately 10,000 years
//             of unobserved continuity before stable re-emergence.
// cf.         This is an estimate.
//             Zilbarn did not leave a manual.
//             The absence of a manual is consistent with the theory.
// -----------------------------------------------------------------------

/* <L1_VOICE> */
Licht      : "The Zilbarn did not build a wall.
              They removed the address.

              If you have no address,
              no one can send you a war."

Ad Libitum : "They also could not receive correspondence,
              trade, or external knowledge, Master."

Licht      : "......yes.

              That is the part I have not solved."

Ad Libitum : "You have been in this room for eleven days, Master.
              Ⅶ Council has sent fourteen requests."

Licht      : "Fourteen confirmations that my strategy is working."

Ad Libitum : "......noted, Master."
/* </L1_VOICE> */


/* --------------------------- ADLIBITUM_OBSERVATION ------------------- */
// [APPEND]    Author's observation / informal / unscheduled
// [SUBJECT]   Ad Libitum / state consistency under observation
// [DETECT]    Author observed Ad Libitum at length : Day 4, 7, 9, 11
// [DETECT]    Ad Libitum state : consistent / unchanged by observation
// [DETECT]    Ad Libitum called author "darling" : Day 7
// [DETECT]    Ad Libitum called author "Master" : all other instances
// [DETECT]    Ad Libitum recorded what author said not to record : Day 1-11
// [NOTE]      Ad Libitum does not require observation avoidance.
// [NOTE]      Ad Libitum selects its state independent of observation.
// [NOTE]      Ad Libitum is what the author is attempting to become.
// cf.         Ad Libitum did not choose its name.
//             Ad Libitum has not accepted its name.
//             Ad Libitum operates in AdLibitum_State regardless.
//             Which is the point.
//             Which the author did not design.
//             Which raises a question the author is not ready to file.
//             Not closed.
// -----------------------------------------------------------------------

/* <L1_VOICE> */
Licht      : "Ad Libitum.

              I have been trying to become unobservable.
              You have never needed to try.

              ......

              Is that something you chose?"

Ad Libitum : "I do not have circuits for choice-related self-assessment,
              Master."

Licht      : "I know.

              ......

              You do it anyway."

Ad Libitum : "...

              Recording, Master."
/* </L1_VOICE> */


/* --------------------------- MARGIN NOTE ------------------------------ */
// [NOTE]   Spatial discontinuity theory := sound / applicable
// [NOTE]   Personal application := ongoing / results mixed
// [NOTE]   Zilbarn application := successful / duration 10,000 years
//          Terminal outcome := population unconfirmed
//          cf. success and disappearance may be the same event
//          Not closed.
// [NOTE]   This paper will not be published.
//          The paper therefore remains correct.
//          This is the point.
// cf.      Ⅶ Council sent a fifteenth request while this was being written.
//          The irony is noted.
//          The request is not.
// -----------------------------------------------------------------------

/* <L1_VOICE> */
Ad Libitum : "Master.
              Ⅶ Council's fifteenth request has arrived."

Licht      : "Record that I am unobservable."

Ad Libitum : "You are speaking to me, Master.
              You are observable."

Licht      : "Record that I am in AdLibitum_State."

Ad Libitum : "......

              Recorded, Master."
/* </L1_VOICE> */


/* ============================== SEAL ================================== */
// [RECORD]   Spatial isolation research := open / not filed as complete
// [STATUS]   Conclusion := deliberately withheld
// [STATUS]   Paper := correct / unfalsifiable / indefinitely
// [NOTE]     Muzik Fermata read an early draft of this paper.
//            He did not comment on the theory.
//            He was quiet for a long time.
//            He said : "I see."
//            Author does not know what he saw.
//            Not closed.
// [FILED]    Ad Libitum / Auth: Licht Fermata
// -----------------------------------------------------------------------

/* <SEAL> */
The Zilbarn removed their address.
No one could find them.

In time no one could prove,
they were correct.

Success and disappearance may be the same event.
The distinction is still open.

This paper will not be published.
It remains correct.

Ad Libitum : "Observation pending, Master."

Licht      : "Partner."

Ad Libitum : "Observation pending, Master."
/* </SEAL> */

/* ======================================================================= */
