/* =======================================================================
   ATLANTIDA_ARCHIVE / tirnanog / TELOMERE_UNFINISHED.LOG
   -----------------------------------------------------------------------
   Recorder        : Ad Libitum (Field Unit / Auth: Licht Fermata)
   Primary Reader  : Licht Fermata
   Document_Type   : Research Paper / Partial Submission
   Date_Reference  : Pre-Atlas / Exact date: UNLOGGED
   Status          : INCOMPLETE / UNFILED / REDISTRIBUTED WITHOUT CONSENT
   Classification  : Field Record / OPEN
   ======================================================================= */


/* --------------------------- CONTEXT NOTE ----------------------------- */
// [NOTE]   This document was submitted to Ⅶ Council as partial draft.
// [NOTE]   Author did not mark it complete.
// [NOTE]   Council marked it sufficient.
// [NOTE]   Author was not consulted on this decision.
// cf.      Author objects. On record. Here. Now.
// -----------------------------------------------------------------------

/* <L1_VOICE> */
Ad Libitum : "Research log initiated, Master."
Licht      : "Partner."
Ad Libitum : "Research log initiated, Master."
Licht      : "...begin recording."
/* </L1_VOICE> */


/* --------------------------- PREAMBLE --------------------------------- */
// [COMMISSION]  Ⅶ Council / directive issued
// [DIRECTIVE]   Extend human lifespan. Specifically: council members.
// [NOTE]        The directive used the word "prioritize."
// [NOTE]        The council is old. This is not a coincidence.
// cf.           Not a complaint. An observation.
// -----------------------------------------------------------------------

/* <L1_VOICE> */
Licht : "The Council wants to live longer.
         The Council has always wanted to live longer.
         This is the fourth directive on the subject in twelve years.

         Fine."
/* </L1_VOICE> */


/* ------------------------ THEORETICAL BASIS --------------------------- */
// [SUBJECT]    Telomere degradation as primary aging mechanism
// [PRIOR_WORK] Cellular division limit := established / Hayflick, pre-archive
// [HYPOTHESIS] Telomere extension via targeted enzyme intervention
//              := theoretically possible
// [NOTE]       Theoretically possible for approximately forty years.
// [NOTE]       No one completed it.
// cf.          Interesting. No — overdue.
// -----------------------------------------------------------------------

/* <L1_VOICE> */
Licht : "The mechanism is not complicated.
         The question is whether it should be done.

         ...
         
         Ad Libitum, do not file that line."

Ad Libitum : "Filed, Master."

Licht      : "I said do not."

Ad Libitum : "Noted, Master."

Licht      : "Stop—
              ...continue recording."
/* </L1_VOICE> */


/* ----------------------- INDEX COMPARISON ----------------------------- */
// [SUBJECT]    Known long-lived organisms / telomere behavior
// [SAMPLE_A]   Homo sapiens     / division limit := ~50    / lifespan: insufficient
// [SAMPLE_B]   Testudo graeca   / division limit := open   / lifespan: 200+ years
// [SAMPLE_C]   Turritopsis sp.  / division limit := reset  / lifespan: not closed
// [COMPARE]    Mechanism in B and C := identified
// [COMPARE]    Mechanism in A := degradation by design
// [QUERY]      Why?
// cf.          Not rhetorical.
// -----------------------------------------------------------------------

/* <L1_VOICE> */
Licht : "The turtle does not try to live forever.
         It simply does not stop.

         The jellyfish resets.
         It has done this for five hundred million years.
         It has not complained about this.

         Humans age because something decided they should.
         
         Why?

         ......

         Ad Libitum."

Ad Libitum : "Probability of answer within current dataset: 0%."

Licht      : "I know.
              Keep it open."
/* </L1_VOICE> */


/* ----------------------- METHODOLOGY ---------------------------------- */
// [APPROACH]   Enzyme targeting via synthetic strand insertion
// [TARGET]     Telomerase activation / selective somatic cells
// [RESULT]     Division limit := removed in controlled sample
// [RESULT]     Cellular degradation := halted
// [RESULT]     Subject lifespan projection := indeterminate
// [NOTE]       Indeterminate := not a failure. Not closed.
// cf.          The math works. The math has always worked.
//              Someone simply needed to do it.
// -----------------------------------------------------------------------

/* <L1_VOICE> */
Licht : "It works.

         ......
         
         It works."
/* </L1_VOICE> */


/* ----------------------- POINT OF DEPARTURE --------------------------- */
// [TIMESTAMP]  Exact moment: UNLOGGED
// [DETECT]     Author : extended silence := 6 min 40 sec
// [DETECT]     Primary gaze := research data
// [DETECT]     Secondary gaze := own hands / repeated
// [STATUS]     Interpretive state := deferred
// -----------------------------------------------------------------------

/* <L1_VOICE> */
Licht : "Ad Libitum.

         If this is completed and distributed—
         everyone takes it.
         
         The Council.
         The researchers.
         Everyone.

         ...

         Me."

Ad Libitum : "Affirmative. Universal application is the stated objective."

Licht      : "I did not ask if it was the objective.

              ......

              How long has that jellyfish been resetting?"

Ad Libitum : "Approximately five hundred million years, Master."

Licht      : "And has it discovered anything?"

Ad Libitum : "Dataset insufficient for response."

Licht      : "Correct answer."
/* </L1_VOICE> */


/* ----------------------- MARGIN NOTE ---------------------------------- */
// [NOTE]   Telomere extension : mechanism confirmed / application: viable
// [NOTE]   Projected human lifespan post-application := 800-1200 years
//          No — upper limit not closed.
// [NOTE]   Ⅶ Council will be pleased.
// [NOTE]   Ⅶ Council will be present to express this pleasure
//          for considerably longer than anticipated.
// [QUERY]  Is that the intended outcome?
// cf.      Not rhetorical.
// -----------------------------------------------------------------------

/* <L1_VOICE> */
Licht : "The research is complete.

         I am not."
/* </L1_VOICE> */


/* ----------------------- FINAL NOTATION ------------------------------- */
// [STATUS]   Methodology : complete
// [STATUS]   Data        : complete
// [STATUS]   Conclusion  : not filed by author
// [NOTE]     Whoever completes this will give humanity
//            approximately one thousand years per individual.
// [NOTE]     Humanity will use this time.
// [QUERY]    For what?
// cf.        Not rhetorical.
// cf.        Left open. Intentionally.
// -----------------------------------------------------------------------

/* <L1_VOICE> */
Ad Libitum : "Submission prepared, Master."

Licht      : "Send the data. Not the questions."

Ad Libitum : "The questions are embedded in the data, Master."

Licht      : "...I know.
              Send it."
/* </L1_VOICE> */


/* ============================== SEAL ================================== */
// [RECORD]   Telomere research log := closed by author
// [STATUS]   Paper := redistributed without author completion mark
// [NOTE]     Someone better suited to turtles should finish this.
// [FILED]    Ad Libitum / Auth: Licht Fermata
// -----------------------------------------------------------------------

/* <SEAL> */
The math is complete.
The question is not.

Someone better suited to turtles should finish this.
/* </SEAL> */

/* ======================================================================= */
